#
# There is insufficient memory for the Java Runtime Environment to continue.
# Native memory allocation (malloc) failed to allocate 779456 bytes for Chunk::new
# Possible reasons:
#   The system is out of physical RAM or swap space
#   In 32 bit mode, the process size limit was hit
# Possible solutions:
#   Reduce memory load on the system
#   Increase physical memory or swap space
#   Check if swap backing store is full
#   Use 64 bit Java on a 64 bit OS
#   Decrease Java heap size (-Xmx/-Xms)
#   Decrease number of Java threads
#   Decrease Java thread stack sizes (-Xss)
#   Set larger code cache with -XX:ReservedCodeCacheSize=
# This output file may be truncated or incomplete.
#
#  Out of Memory Error (allocation.cpp:390), pid=3160, tid=8004
#
# JRE version: Java(TM) SE Runtime Environment (8.0_77-b03) (build 1.8.0_77-b03)
# Java VM: Java HotSpot(TM) 64-Bit Server VM (25.77-b03 mixed mode windows-amd64 compressed oops)
# Failed to write core dump. Minidumps are not enabled by default on client versions of Windows
#

---------------  T H R E A D  ---------------

Current thread (0x000000001587b800):  JavaThread "C2 CompilerThread1" daemon [_thread_in_native, id=8004, stack(0x0000000017370000,0x0000000017470000)]

Stack: [0x0000000017370000,0x0000000017470000]
[error occurred during error reporting (printing stack bounds), id 0xc0000005]

Native frames: (J=compiled Java code, j=interpreted, Vv=VM code, C=native code)


Current CompileTask:
C2:   7795 1361       4       com.android.dx.dex.code.RopToDop::dopFor (792 bytes)


---------------  P R O C E S S  ---------------

Java Threads: ( => current thread )
  0x00000000171cd000 JavaThread "pool-1-thread-4" [_thread_blocked, id=7584, stack(0x0000000017b70000,0x0000000017c70000)]
  0x00000000171cc000 JavaThread "pool-1-thread-3" [_thread_in_Java, id=4132, stack(0x0000000017a70000,0x0000000017b70000)]
  0x00000000171c7000 JavaThread "pool-1-thread-2" [_thread_blocked, id=8720, stack(0x0000000017970000,0x0000000017a70000)]
  0x00000000171c1000 JavaThread "pool-2-thread-1" [_thread_blocked, id=8284, stack(0x0000000017870000,0x0000000017970000)]
  0x00000000171c0000 JavaThread "pool-1-thread-1" [_thread_in_Java, id=8968, stack(0x0000000017770000,0x0000000017870000)]
  0x0000000016fc2000 JavaThread "Service Thread" daemon [_thread_blocked, id=4048, stack(0x0000000017570000,0x0000000017670000)]
  0x0000000016fba000 JavaThread "C1 CompilerThread2" daemon [_thread_blocked, id=8544, stack(0x0000000017470000,0x0000000017570000)]
=>0x000000001587b800 JavaThread "C2 CompilerThread1" daemon [_thread_in_native, id=8004, stack(0x0000000017370000,0x0000000017470000)]
  0x000000001586d000 JavaThread "C2 CompilerThread0" daemon [_thread_in_native, id=2952, stack(0x0000000016e70000,0x0000000016f70000)]
  0x000000001586b800 JavaThread "Attach Listener" daemon [_thread_blocked, id=6312, stack(0x0000000016d70000,0x0000000016e70000)]
  0x000000001586a800 JavaThread "Signal Dispatcher" daemon [_thread_blocked, id=4744, stack(0x0000000016c70000,0x0000000016d70000)]
  0x000000001580a000 JavaThread "Finalizer" daemon [_thread_blocked, id=3692, stack(0x0000000016a90000,0x0000000016b90000)]
  0x00000000157e9000 JavaThread "Reference Handler" daemon [_thread_blocked, id=5104, stack(0x0000000016990000,0x0000000016a90000)]
  0x0000000002ded800 JavaThread "main" [_thread_in_Java, id=7228, stack(0x0000000002f50000,0x0000000003050000)]

Other Threads:
  0x00000000157e7800 VMThread [stack: 0x0000000016890000,0x0000000016990000] [id=5200]
  0x0000000017029000 WatcherThread [stack: 0x0000000017670000,0x0000000017770000] [id=2888]

VM state:not at safepoint (normal execution)

VM Mutex/Monitor currently owned by a thread:  ([mutex/lock_event])
[0x0000000002dec6a0] Heap_lock - owner thread: 0x00000000171c7000

Heap:
 PSYoungGen      total 34304K, used 5409K [0x00000000eab00000, 0x00000000eee00000, 0x0000000100000000)
  eden space 31744K, 9% used [0x00000000eab00000,0x00000000eadcd520,0x00000000eca00000)
  from space 2560K, 99% used [0x00000000eca00000,0x00000000ecc7af10,0x00000000ecc80000)
  to   space 2560K, 0% used [0x00000000eeb80000,0x00000000eeb80000,0x00000000eee00000)
 ParOldGen       total 42496K, used 17611K [0x00000000c0000000, 0x00000000c2980000, 0x00000000eab00000)
  object space 42496K, 41% used [0x00000000c0000000,0x00000000c1132de0,0x00000000c2980000)
 Metaspace       used 5895K, capacity 6960K, committed 7040K, reserved 1056768K
  class space    used 587K, capacity 616K, committed 640K, reserved 1048576K

Card table byte_map: [0x0000000012510000,0x0000000012720000] byte_map_base: 0x0000000011f10000

Marking Bits: (ParMarkBitMap*) 0x0000000053220600
 Begin Bits: [0x0000000012c80000, 0x0000000013c80000)
 End Bits:   [0x0000000013c80000, 0x0000000014c80000)

Polling page: 0x00000000014d0000

CodeCache: size=245760Kb used=5976Kb max_used=5976Kb free=239783Kb
 bounds [0x0000000003150000, 0x0000000003730000, 0x0000000012150000]
 total_blobs=1617 nmethods=1356 adapters=175
 compilation: enabled

Compilation events (10 events):
Event: 5.818 Thread 0x000000001586d000 nmethod 1351 0x0000000003714650 code [0x00000000037147c0, 0x0000000003714ad8]
Event: 5.818 Thread 0x0000000016fba000 nmethod 1356 0x00000000037140d0 code [0x0000000003714240, 0x0000000003714558]
Event: 5.818 Thread 0x0000000016fba000 1357       3       com.android.dx.util.IntList::insert (115 bytes)
Event: 5.819 Thread 0x0000000016fba000 nmethod 1357 0x00000000036fd0d0 code [0x00000000036fd280, 0x00000000036fd7c8]
Event: 5.819 Thread 0x0000000016fba000 1352       3       com.android.dx.util.ListIntSet::<init> (23 bytes)
Event: 5.820 Thread 0x0000000016fba000 nmethod 1352 0x00000000036fc4d0 code [0x00000000036fc6a0, 0x00000000036fcd98]
Event: 5.822 Thread 0x000000001586d000 1360       4       com.android.dx.ssa.InterferenceRegisterMapper::interferes (78 bytes)
Event: 5.824 Thread 0x000000001587b800 nmethod 1358 0x0000000003716710 code [0x0000000003716860, 0x0000000003716a18]
Event: 5.826 Thread 0x000000001587b800 1361       4       com.android.dx.dex.code.RopToDop::dopFor (792 bytes)
Event: 5.826 Thread 0x000000001586d000 nmethod 1360 0x0000000003727950 code [0x0000000003727ac0, 0x0000000003727d08]

GC Heap History (6 events):
Event: 2.583 GC heap before
{Heap before GC invocations=1 (full 0):
 PSYoungGen      total 18432K, used 15872K [0x00000000eab00000, 0x00000000ebf80000, 0x0000000100000000)
  eden space 15872K, 100% used [0x00000000eab00000,0x00000000eba80000,0x00000000eba80000)
  from space 2560K, 0% used [0x00000000ebd00000,0x00000000ebd00000,0x00000000ebf80000)
  to   space 2560K, 0% used [0x00000000eba80000,0x00000000eba80000,0x00000000ebd00000)
 ParOldGen       total 42496K, used 0K [0x00000000c0000000, 0x00000000c2980000, 0x00000000eab00000)
  object space 42496K, 0% used [0x00000000c0000000,0x00000000c0000000,0x00000000c2980000)
 Metaspace       used 5643K, capacity 6768K, committed 7040K, reserved 1056768K
  class space    used 578K, capacity 616K, committed 640K, reserved 1048576K
Event: 2.690 GC heap after
Heap after GC invocations=1 (full 0):
 PSYoungGen      total 18432K, used 2544K [0x00000000eab00000, 0x00000000ecf00000, 0x0000000100000000)
  eden space 15872K, 0% used [0x00000000eab00000,0x00000000eab00000,0x00000000eba80000)
  from space 2560K, 99% used [0x00000000eba80000,0x00000000ebcfc048,0x00000000ebd00000)
  to   space 2560K, 0% used [0x00000000ecc80000,0x00000000ecc80000,0x00000000ecf00000)
 ParOldGen       total 42496K, used 1721K [0x00000000c0000000, 0x00000000c2980000, 0x00000000eab00000)
  object space 42496K, 4% used [0x00000000c0000000,0x00000000c01ae458,0x00000000c2980000)
 Metaspace       used 5643K, capacity 6768K, committed 7040K, reserved 1056768K
  class space    used 578K, capacity 616K, committed 640K, reserved 1048576K
}
Event: 3.490 GC heap before
{Heap before GC invocations=2 (full 0):
 PSYoungGen      total 18432K, used 18416K [0x00000000eab00000, 0x00000000ecf00000, 0x0000000100000000)
  eden space 15872K, 100% used [0x00000000eab00000,0x00000000eba80000,0x00000000eba80000)
  from space 2560K, 99% used [0x00000000eba80000,0x00000000ebcfc048,0x00000000ebd00000)
  to   space 2560K, 0% used [0x00000000ecc80000,0x00000000ecc80000,0x00000000ecf00000)
 ParOldGen       total 42496K, used 1721K [0x00000000c0000000, 0x00000000c2980000, 0x00000000eab00000)
  object space 42496K, 4% used [0x00000000c0000000,0x00000000c01ae458,0x00000000c2980000)
 Metaspace       used 5768K, capacity 6832K, committed 7040K, reserved 1056768K
  class space    used 581K, capacity 616K, committed 640K, reserved 1048576K
Event: 3.505 GC heap after
Heap after GC invocations=2 (full 0):
 PSYoungGen      total 34304K, used 2551K [0x00000000eab00000, 0x00000000ecf00000, 0x0000000100000000)
  eden space 31744K, 0% used [0x00000000eab00000,0x00000000eab00000,0x00000000eca00000)
  from space 2560K, 99% used [0x00000000ecc80000,0x00000000ecefdc58,0x00000000ecf00000)
  to   space 2560K, 0% used [0x00000000eca00000,0x00000000eca00000,0x00000000ecc80000)
 ParOldGen       total 42496K, used 5709K [0x00000000c0000000, 0x00000000c2980000, 0x00000000eab00000)
  object space 42496K, 13% used [0x00000000c0000000,0x00000000c0593538,0x00000000c2980000)
 Metaspace       used 5768K, capacity 6832K, committed 7040K, reserved 1056768K
  class space    used 581K, capacity 616K, committed 640K, reserved 1048576K
}
Event: 5.843 GC heap before
{Heap before GC invocations=3 (full 0):
 PSYoungGen      total 34304K, used 34295K [0x00000000eab00000, 0x00000000ecf00000, 0x0000000100000000)
  eden space 31744K, 100% used [0x00000000eab00000,0x00000000eca00000,0x00000000eca00000)
  from space 2560K, 99% used [0x00000000ecc80000,0x00000000ecefdc58,0x00000000ecf00000)
  to   space 2560K, 0% used [0x00000000eca00000,0x00000000eca00000,0x00000000ecc80000)
 ParOldGen       total 42496K, used 5709K [0x00000000c0000000, 0x00000000c2980000, 0x00000000eab00000)
  object space 42496K, 13% used [0x00000000c0000000,0x00000000c0593538,0x00000000c2980000)
 Metaspace       used 5891K, capacity 6960K, committed 7040K, reserved 1056768K
  class space    used 587K, capacity 616K, committed 640K, reserved 1048576K
Event: 7.738 GC heap after
Heap after GC invocations=3 (full 0):
 PSYoungGen      total 34304K, used 2539K [0x00000000eab00000, 0x00000000eee00000, 0x0000000100000000)
  eden space 31744K, 0% used [0x00000000eab00000,0x00000000eab00000,0x00000000eca00000)
  from space 2560K, 99% used [0x00000000eca00000,0x00000000ecc7af10,0x00000000ecc80000)
  to   space 2560K, 0% used [0x00000000eeb80000,0x00000000eeb80000,0x00000000eee00000)
 ParOldGen       total 42496K, used 17611K [0x00000000c0000000, 0x00000000c2980000, 0x00000000eab00000)
  object space 42496K, 41% used [0x00000000c0000000,0x00000000c1132de0,0x00000000c2980000)
 Metaspace       used 5891K, capacity 6960K, committed 7040K, reserved 1056768K
  class space    used 587K, capacity 616K, committed 640K, reserved 1048576K
}

Deoptimization events (10 events):
Event: 4.756 Thread 0x00000000171c7000 Uncommon trap: reason=unstable_if action=reinterpret pc=0x0000000003536860 method=com.android.dx.util.IntList.binarysearch(I)I @ 26
Event: 4.756 Thread 0x00000000171c7000 Uncommon trap: reason=unstable_if action=reinterpret pc=0x00000000035ef5c4 method=com.android.dx.util.IntList.binarysearch(I)I @ 26
Event: 4.757 Thread 0x00000000171c7000 Uncommon trap: reason=class_check action=maybe_recompile pc=0x000000000361fc00 method=com.android.dx.cf.code.RopperMachine.run(Lcom/android/dx/cf/code/Frame;II)V @ 978
Event: 4.758 Thread 0x00000000171c7000 Uncommon trap: reason=class_check action=maybe_recompile pc=0x000000000368ce78 method=com.android.dx.cf.code.BaseMachine.getLocalTarget(Z)Lcom/android/dx/rop/code/RegisterSpec; @ 70
Event: 4.758 Thread 0x00000000171c7000 Uncommon trap: reason=class_check action=maybe_recompile pc=0x000000000361fe94 method=com.android.dx.cf.code.BaseMachine.getLocalTarget(Z)Lcom/android/dx/rop/code/RegisterSpec; @ 70
Event: 4.759 Thread 0x00000000171c7000 Uncommon trap: reason=class_check action=maybe_recompile pc=0x000000000368ce78 method=com.android.dx.cf.code.BaseMachine.getLocalTarget(Z)Lcom/android/dx/rop/code/RegisterSpec; @ 70
Event: 4.759 Thread 0x00000000171c7000 Uncommon trap: reason=class_check action=maybe_recompile pc=0x00000000035ee518 method=com.android.dx.cf.code.BaseMachine.getLocalTarget(Z)Lcom/android/dx/rop/code/RegisterSpec; @ 70
Event: 4.759 Thread 0x00000000171c7000 Uncommon trap: reason=unstable_if action=reinterpret pc=0x000000000356ddf8 method=com.android.dx.cf.code.Ropper.labelToResultIndex(I)I @ 34
Event: 4.763 Thread 0x00000000171c7000 Uncommon trap: reason=unstable_if action=reinterpret pc=0x0000000003628e28 method=com.android.dx.ssa.SCCP.simulateStmt(Lcom/android/dx/ssa/SsaInsn;)V @ 469
Event: 4.768 Thread 0x00000000171c7000 Uncommon trap: reason=unstable_if action=reinterpret pc=0x00000000035e7d08 method=com.android.dx.util.LabeledList.set(ILcom/android/dx/util/LabeledItem;)V @ 16

Internal exceptions (2 events):
Event: 0.956 Thread 0x0000000002ded800 Exception <a 'java/lang/NoSuchMethodError': Method sun.misc.Unsafe.defineClass(Ljava/lang/String;[BII)Ljava/lang/Class; name or signature does not match> (0x00000000eab07cc0) thrown at [D:\re\workspace\8-2-build-windows-amd64-cygwin\jdk8u77\6540\hotspot\srXe˜ñÍ™î?
Event: 0.956 Thread 0x0000000002ded800 Exception <a 'java/lang/NoSuchMethodError': Method sun.misc.Unsafe.prefetchRead(Ljava/lang/Object;J)V name or signature does not match> (0x00000000eab07fa8) thrown at [D:\re\workspace\8-2-build-windows-amd64-cygwin\jdk8u77\6540\hotspot\src\share\vm\prims\j

Events (10 events):
Event: 5.473 Executing VM operation: Deoptimize
Event: 5.473 Executing VM operation: Deoptimize done
Event: 5.793 Thread 0x00000000171cd000 DEOPT PACKING pc=0x000000000364c5ec sp=0x0000000017c6e760
Event: 5.793 Thread 0x00000000171cd000 DEOPT UNPACKING pc=0x000000000319747f sp=0x0000000017c6e5a8 mode 0
Event: 5.800 loading class com/android/dx/util/ListIntSet$1
Event: 5.800 loading class com/android/dx/util/ListIntSet$1 done
Event: 5.801 Executing VM operation: Deoptimize
Event: 5.802 Executing VM operation: Deoptimize done
Event: 5.843 Executing VM operation: ParallelGCFailedAllocation
Event: 7.738 Executing VM operation: ParallelGCFailedAllocation done


Dynamic libraries:
0x00007ff70ec50000 - 0x00007ff70ec87000 	C:\Program Files\Java\jdk1.8.0_74\bin\java.exe
0x00007ff9bbed0000 - 0x00007ff9bc091000 	C:\Windows\SYSTEM32\ntdll.dll
0x00007ff9b9c10000 - 0x00007ff9b9cbd000 	C:\Windows\system32\KERNEL32.DLL
0x00007ff9b8870000 - 0x00007ff9b8a58000 	C:\Windows\system32\KERNELBASE.dll
0x00007ff9bbb90000 - 0x00007ff9bbc37000 	C:\Windows\system32\ADVAPI32.dll
0x00007ff9b9e70000 - 0x00007ff9b9f0d000 	C:\Windows\system32\msvcrt.dll
0x00007ff9b9ff0000 - 0x00007ff9ba04b000 	C:\Windows\system32\sechost.dll
0x00007ff9bbda0000 - 0x00007ff9bbebc000 	C:\Windows\system32\RPCRT4.dll
0x00007ff9b9ab0000 - 0x00007ff9b9c06000 	C:\Windows\system32\USER32.dll
0x00007ff9bb7a0000 - 0x00007ff9bb926000 	C:\Windows\system32\GDI32.dll
0x00007ff9a8a60000 - 0x00007ff9a8cd4000 	C:\Windows\WinSxS\amd64_microsoft.windows.common-controls_6595b64144ccf1df_6.0.10586.589_none_a2ddb3caa539acce\COMCTL32.dll
0x00007ff9b9400000 - 0x00007ff9b967d000 	C:\Windows\system32\combase.dll
0x00007ff9b9110000 - 0x00007ff9b917a000 	C:\Windows\system32\bcryptPrimitives.dll
0x00007ff9bb690000 - 0x00007ff9bb6cb000 	C:\Windows\system32\IMM32.DLL
0x00000000532a0000 - 0x0000000053372000 	C:\Program Files\Java\jdk1.8.0_74\jre\bin\msvcr100.dll
0x0000000052a10000 - 0x00000000532a0000 	C:\Program Files\Java\jdk1.8.0_74\jre\bin\server\jvm.dll
0x00007ff9bb610000 - 0x00007ff9bb618000 	C:\Windows\system32\PSAPI.DLL
0x00007ff9b6af0000 - 0x00007ff9b6b13000 	C:\Windows\SYSTEM32\WINMM.dll
0x00007ff9af7b0000 - 0x00007ff9af7ba000 	C:\Windows\SYSTEM32\VERSION.dll
0x00007ff9b6a80000 - 0x00007ff9b6aac000 	C:\Windows\SYSTEM32\WINMMBASE.dll
0x00007ff9b8770000 - 0x00007ff9b87b3000 	C:\Windows\system32\cfgmgr32.dll
0x00007ff9aad50000 - 0x00007ff9aad59000 	C:\Windows\SYSTEM32\WSOCK32.dll
0x00007ff9bb620000 - 0x00007ff9bb68b000 	C:\Windows\system32\WS2_32.dll
0x0000000052a00000 - 0x0000000052a0f000 	C:\Program Files\Java\jdk1.8.0_74\jre\bin\verify.dll
0x00000000529d0000 - 0x00000000529f9000 	C:\Program Files\Java\jdk1.8.0_74\jre\bin\java.dll
0x00000000529b0000 - 0x00000000529c6000 	C:\Program Files\Java\jdk1.8.0_74\jre\bin\zip.dll
0x00007ff9ba0b0000 - 0x00007ff9bb60c000 	C:\Windows\system32\SHELL32.dll
0x00007ff9b8a60000 - 0x00007ff9b90a5000 	C:\Windows\system32\windows.storage.dll
0x00007ff9b93a0000 - 0x00007ff9b93f2000 	C:\Windows\system32\shlwapi.dll
0x00007ff9b8540000 - 0x00007ff9b854f000 	C:\Windows\system32\kernel.appcore.dll
0x00007ff9b9210000 - 0x00007ff9b92c5000 	C:\Windows\system32\shcore.dll
0x00007ff9b84f0000 - 0x00007ff9b853b000 	C:\Windows\system32\powrprof.dll
0x00007ff9b8550000 - 0x00007ff9b8564000 	C:\Windows\system32\profapi.dll

VM Arguments:
jvm_args: -Djava.awt.headless=true -Xmx1024M -Dfile.encoding=windows-1256 -Duser.country=US -Duser.language=en -Duser.variant 
java_command: com.android.dx.command.Main --dex --force-jumbo --num-threads=4 --output F:\FCI_3rd\AndroidProjects\PopularMoviesStage1\app\build\intermediates\pre-dexed\debug\main_06d19f2e0e688af151e8b4fd51c809b57402683c.jar F:\FCI_3rd\AndroidProjects\PopularMoviesStage1\app\build\intermediates\transforms\instantRun\debug\folders\1\5\main
java_class_path (initial): E:\3LI\Android\sdk\build-tools\25.0.0\lib\dx.jar
Launcher Type: SUN_STANDARD

Environment Variables:
JAVA_HOME=C:\Program Files\Java\jdk1.8.0_74
PATH=C:\ProgramData\Oracle\Java\javapath;C:\Windows\system32;C:\Windows;C:\Windows\System32\Wbem;C:\Windows\System32\WindowsPowerShell\v1.0\;C:\TDM-GCC-64\bin;E:\3LI\Microchip\bin;C:\Program Files (x86)\GtkSharp\2.12\bin;C:\Program Files\Microsoft SQL Server\110\Tools\Binn\;C:\AppServ\Apache2.2\bin;C:\AppServ\php6;C:\AppServ\MySQL\bin
USERNAME=E610
OS=Windows_NT
PROCESSOR_IDENTIFIER=Intel64 Family 6 Model 37 Stepping 5, GenuineIntel



---------------  S Y S T E M  ---------------

OS: Windows 10.0 , 64 bit Build 10586 (10.0.10586.589)

CPU:total 4 (2 cores per cpu, 2 threads per core) family 6 model 37 stepping 5, cmov, cx8, fxsr, mmx, sse, sse2, sse3, ssse3, sse4.1, sse4.2, popcnt, aes, clmul, ht, tsc, tscinvbit

Memory: 4k page, physical 3980672k(528648k free), swap 4523296k(5400k free)

vm_info: Java HotSpot(TM) 64-Bit Server VM (25.77-b03) for windows-amd64 JRE (1.8.0_77-b03), built on Mar 20 2016 22:01:33 by "java_re" with MS VC++ 10.0 (VS2010)

time: Mon Mar 13 22:46:39 2017
elapsed time: 7 seconds (0d 0h 0m 7s)

