#
# There is insufficient memory for the Java Runtime Environment to continue.
# Native memory allocation (malloc) failed to allocate 1095056 bytes for Chunk::new
# Possible reasons:
#   The system is out of physical RAM or swap space
#   In 32 bit mode, the process size limit was hit
# Possible solutions:
#   Reduce memory load on the system
#   Increase physical memory or swap space
#   Check if swap backing store is full
#   Use 64 bit Java on a 64 bit OS
#   Decrease Java heap size (-Xmx/-Xms)
#   Decrease number of Java threads
#   Decrease Java thread stack sizes (-Xss)
#   Set larger code cache with -XX:ReservedCodeCacheSize=
# This output file may be truncated or incomplete.
#
#  Out of Memory Error (allocation.cpp:390), pid=7752, tid=7164
#
# JRE version: Java(TM) SE Runtime Environment (8.0_77-b03) (build 1.8.0_77-b03)
# Java VM: Java HotSpot(TM) 64-Bit Server VM (25.77-b03 mixed mode windows-amd64 compressed oops)
# Failed to write core dump. Minidumps are not enabled by default on client versions of Windows
#

---------------  T H R E A D  ---------------

Current thread (0x0000000015557800):  JavaThread "C2 CompilerThread0" daemon [_thread_in_native, id=7164, stack(0x0000000016b40000,0x0000000016c40000)]

Stack: [0x0000000016b40000,0x0000000016c40000]
[error occurred during error reporting (printing stack bounds), id 0xc0000005]

Native frames: (J=compiled Java code, j=interpreted, Vv=VM code, C=native code)


Current CompileTask:
C2:  27122 2620       4       com.android.dx.dex.code.DalvCode::finishProcessingIfNecessary (69 bytes)


---------------  P R O C E S S  ---------------

Java Threads: ( => current thread )
  0x0000000016c91000 JavaThread "Service Thread" daemon [_thread_blocked, id=4388, stack(0x0000000017240000,0x0000000017340000)]
  0x0000000016c8a000 JavaThread "C1 CompilerThread2" daemon [_thread_blocked, id=6088, stack(0x0000000017140000,0x0000000017240000)]
  0x0000000016c85800 JavaThread "C2 CompilerThread1" daemon [_thread_blocked, id=6920, stack(0x0000000017040000,0x0000000017140000)]
=>0x0000000015557800 JavaThread "C2 CompilerThread0" daemon [_thread_in_native, id=7164, stack(0x0000000016b40000,0x0000000016c40000)]
  0x0000000015555800 JavaThread "Attach Listener" daemon [_thread_blocked, id=1476, stack(0x0000000016a40000,0x0000000016b40000)]
  0x0000000015554800 JavaThread "Signal Dispatcher" daemon [_thread_blocked, id=7300, stack(0x0000000016940000,0x0000000016a40000)]
  0x00000000154fa800 JavaThread "Finalizer" daemon [_thread_blocked, id=1756, stack(0x0000000016760000,0x0000000016860000)]
  0x0000000002e2f000 JavaThread "Reference Handler" daemon [_thread_blocked, id=4184, stack(0x0000000016660000,0x0000000016760000)]
  0x0000000002c3d800 JavaThread "main" [_thread_blocked, id=4228, stack(0x0000000002c40000,0x0000000002d40000)]

Other Threads:
  0x00000000154d7800 VMThread [stack: 0x0000000016560000,0x0000000016660000] [id=7688]
  0x0000000016ca5800 WatcherThread [stack: 0x0000000017340000,0x0000000017440000] [id=6704]

VM state:at safepoint (normal execution)

VM Mutex/Monitor currently owned by a thread:  ([mutex/lock_event])
[0x0000000002c3ce00] Threads_lock - owner thread: 0x00000000154d7800
[0x0000000002c3c880] Heap_lock - owner thread: 0x0000000002c3d800

Heap:
 PSYoungGen      total 66048K, used 66046K [0x00000000eab00000, 0x00000000eee00000, 0x0000000100000000)
  eden space 63488K, 100% used [0x00000000eab00000,0x00000000ee900000,0x00000000ee900000)
  from space 2560K, 99% used [0x00000000ee900000,0x00000000eeb7f938,0x00000000eeb80000)
  to   space 2560K, 99% used [0x00000000eeb80000,0x00000000eedff938,0x00000000eee00000)
 ParOldGen       total 42496K, used 29482K [0x00000000c0000000, 0x00000000c2980000, 0x00000000eab00000)
  object space 42496K, 69% used [0x00000000c0000000,0x00000000c1ccab28,0x00000000c2980000)
 Metaspace       used 7312K, capacity 7768K, committed 7936K, reserved 1056768K
  class space    used 696K, capacity 720K, committed 768K, reserved 1048576K

Card table byte_map: [0x0000000012200000,0x0000000012410000] byte_map_base: 0x0000000011c00000

Marking Bits: (ParMarkBitMap*) 0x0000000053220600
 Begin Bits: [0x0000000012970000, 0x0000000013970000)
 End Bits:   [0x0000000013970000, 0x0000000014970000)

Polling page: 0x0000000001040000

CodeCache: size=245760Kb used=8916Kb max_used=9864Kb free=236844Kb
 bounds [0x0000000002e40000, 0x0000000003800000, 0x0000000011e40000]
 total_blobs=2452 nmethods=2175 adapters=190
 compilation: enabled

Compilation events (10 events):
Event: 26.764 Thread 0x0000000016c8a000 nmethod 2706 0x000000000312ce10 code [0x000000000312cfc0, 0x000000000312d6d8]
Event: 26.767 Thread 0x0000000016c8a000 2707       3       sun.net.www.protocol.jar.Handler::parseContextSpec (154 bytes)
Event: 26.770 Thread 0x0000000016c8a000 nmethod 2707 0x0000000003129110 code [0x0000000003129500, 0x000000000312bc08]
Event: 26.773 Thread 0x0000000016c8a000 2708       3       sun.net.www.protocol.jar.Handler::indexOfBangSlash (52 bytes)
Event: 26.774 Thread 0x0000000016c8a000 nmethod 2708 0x0000000003128610 code [0x00000000031287c0, 0x0000000003128eb8]
Event: 26.774 Thread 0x0000000016c8a000 2709       3       sun.net.www.ParseUtil::canonizeString (195 bytes)
Event: 26.776 Thread 0x0000000016c85800 nmethod 2702% 0x0000000003127610 code [0x0000000003127760, 0x0000000003128238]
Event: 26.777 Thread 0x0000000016c8a000 nmethod 2709 0x0000000003170250 code [0x0000000003170600, 0x0000000003172a68]
Event: 26.777 Thread 0x0000000016c8a000 2710       3       java.net.URLStreamHandler::setURL (159 bytes)
Event: 26.779 Thread 0x0000000016c8a000 nmethod 2710 0x000000000316e350 code [0x000000000316e5c0, 0x000000000316f968]

GC Heap History (10 events):
Event: 3.200 GC heap before
{Heap before GC invocations=1 (full 0):
 PSYoungGen      total 18432K, used 15872K [0x00000000eab00000, 0x00000000ebf80000, 0x0000000100000000)
  eden space 15872K, 100% used [0x00000000eab00000,0x00000000eba80000,0x00000000eba80000)
  from space 2560K, 0% used [0x00000000ebd00000,0x00000000ebd00000,0x00000000ebf80000)
  to   space 2560K, 0% used [0x00000000eba80000,0x00000000eba80000,0x00000000ebd00000)
 ParOldGen       total 42496K, used 0K [0x00000000c0000000, 0x00000000c2980000, 0x00000000eab00000)
  object space 42496K, 0% used [0x00000000c0000000,0x00000000c0000000,0x00000000c2980000)
 Metaspace       used 5812K, capacity 6710K, committed 6784K, reserved 1056768K
  class space    used 602K, capacity 622K, committed 640K, reserved 1048576K
Event: 3.476 GC heap after
Heap after GC invocations=1 (full 0):
 PSYoungGen      total 18432K, used 2535K [0x00000000eab00000, 0x00000000ecf00000, 0x0000000100000000)
  eden space 15872K, 0% used [0x00000000eab00000,0x00000000eab00000,0x00000000eba80000)
  from space 2560K, 99% used [0x00000000eba80000,0x00000000ebcf9c88,0x00000000ebd00000)
  to   space 2560K, 0% used [0x00000000ecc80000,0x00000000ecc80000,0x00000000ecf00000)
 ParOldGen       total 42496K, used 1533K [0x00000000c0000000, 0x00000000c2980000, 0x00000000eab00000)
  object space 42496K, 3% used [0x00000000c0000000,0x00000000c017f7b0,0x00000000c2980000)
 Metaspace       used 5812K, capacity 6710K, committed 6784K, reserved 1056768K
  class space    used 602K, capacity 622K, committed 640K, reserved 1048576K
}
Event: 5.221 GC heap before
{Heap before GC invocations=2 (full 0):
 PSYoungGen      total 18432K, used 18407K [0x00000000eab00000, 0x00000000ecf00000, 0x0000000100000000)
  eden space 15872K, 100% used [0x00000000eab00000,0x00000000eba80000,0x00000000eba80000)
  from space 2560K, 99% used [0x00000000eba80000,0x00000000ebcf9c88,0x00000000ebd00000)
  to   space 2560K, 0% used [0x00000000ecc80000,0x00000000ecc80000,0x00000000ecf00000)
 ParOldGen       total 42496K, used 1533K [0x00000000c0000000, 0x00000000c2980000, 0x00000000eab00000)
  object space 42496K, 3% used [0x00000000c0000000,0x00000000c017f7b0,0x00000000c2980000)
 Metaspace       used 6097K, capacity 6966K, committed 7040K, reserved 1056768K
  class space    used 604K, capacity 622K, committed 640K, reserved 1048576K
Event: 5.235 GC heap after
Heap after GC invocations=2 (full 0):
 PSYoungGen      total 34304K, used 2546K [0x00000000eab00000, 0x00000000ecf00000, 0x0000000100000000)
  eden space 31744K, 0% used [0x00000000eab00000,0x00000000eab00000,0x00000000eca00000)
  from space 2560K, 99% used [0x00000000ecc80000,0x00000000ecefca98,0x00000000ecf00000)
  to   space 2560K, 0% used [0x00000000eca00000,0x00000000eca00000,0x00000000ecc80000)
 ParOldGen       total 42496K, used 3920K [0x00000000c0000000, 0x00000000c2980000, 0x00000000eab00000)
  object space 42496K, 9% used [0x00000000c0000000,0x00000000c03d4050,0x00000000c2980000)
 Metaspace       used 6097K, capacity 6966K, committed 7040K, reserved 1056768K
  class space    used 604K, capacity 622K, committed 640K, reserved 1048576K
}
Event: 8.268 GC heap before
{Heap before GC invocations=3 (full 0):
 PSYoungGen      total 34304K, used 34290K [0x00000000eab00000, 0x00000000ecf00000, 0x0000000100000000)
  eden space 31744K, 100% used [0x00000000eab00000,0x00000000eca00000,0x00000000eca00000)
  from space 2560K, 99% used [0x00000000ecc80000,0x00000000ecefca98,0x00000000ecf00000)
  to   space 2560K, 0% used [0x00000000eca00000,0x00000000eca00000,0x00000000ecc80000)
 ParOldGen       total 42496K, used 3920K [0x00000000c0000000, 0x00000000c2980000, 0x00000000eab00000)
  object space 42496K, 9% used [0x00000000c0000000,0x00000000c03d4050,0x00000000c2980000)
 Metaspace       used 6246K, capacity 7094K, committed 7296K, reserved 1056768K
  class space    used 608K, capacity 622K, committed 640K, reserved 1048576K
Event: 8.829 GC heap after
Heap after GC invocations=3 (full 0):
 PSYoungGen      total 34304K, used 2548K [0x00000000eab00000, 0x00000000eee00000, 0x0000000100000000)
  eden space 31744K, 0% used [0x00000000eab00000,0x00000000eab00000,0x00000000eca00000)
  from space 2560K, 99% used [0x00000000eca00000,0x00000000ecc7d0f8,0x00000000ecc80000)
  to   space 2560K, 0% used [0x00000000eeb80000,0x00000000eeb80000,0x00000000eee00000)
 ParOldGen       total 42496K, used 9074K [0x00000000c0000000, 0x00000000c2980000, 0x00000000eab00000)
  object space 42496K, 21% used [0x00000000c0000000,0x00000000c08dcb08,0x00000000c2980000)
 Metaspace       used 6246K, capacity 7094K, committed 7296K, reserved 1056768K
  class space    used 608K, capacity 622K, committed 640K, reserved 1048576K
}
Event: 11.802 GC heap before
{Heap before GC invocations=4 (full 0):
 PSYoungGen      total 34304K, used 34292K [0x00000000eab00000, 0x00000000eee00000, 0x0000000100000000)
  eden space 31744K, 100% used [0x00000000eab00000,0x00000000eca00000,0x00000000eca00000)
  from space 2560K, 99% used [0x00000000eca00000,0x00000000ecc7d0f8,0x00000000ecc80000)
  to   space 2560K, 0% used [0x00000000eeb80000,0x00000000eeb80000,0x00000000eee00000)
 ParOldGen       total 42496K, used 9074K [0x00000000c0000000, 0x00000000c2980000, 0x00000000eab00000)
  object space 42496K, 21% used [0x00000000c0000000,0x00000000c08dcb08,0x00000000c2980000)
 Metaspace       used 6370K, capacity 7128K, committed 7424K, reserved 1056768K
  class space    used 627K, capacity 656K, committed 768K, reserved 1048576K
Event: 12.128 GC heap after
Heap after GC invocations=4 (full 0):
 PSYoungGen      total 66048K, used 2554K [0x00000000eab00000, 0x00000000eee00000, 0x0000000100000000)
  eden space 63488K, 0% used [0x00000000eab00000,0x00000000eab00000,0x00000000ee900000)
  from space 2560K, 99% used [0x00000000eeb80000,0x00000000eedfeb78,0x00000000eee00000)
  to   space 2560K, 0% used [0x00000000ee900000,0x00000000ee900000,0x00000000eeb80000)
 ParOldGen       total 42496K, used 13640K [0x00000000c0000000, 0x00000000c2980000, 0x00000000eab00000)
  object space 42496K, 32% used [0x00000000c0000000,0x00000000c0d52208,0x00000000c2980000)
 Metaspace       used 6370K, capacity 7128K, committed 7424K, reserved 1056768K
  class space    used 627K, capacity 656K, committed 768K, reserved 1048576K
}
Event: 17.081 GC heap before
{Heap before GC invocations=5 (full 0):
 PSYoungGen      total 66048K, used 66042K [0x00000000eab00000, 0x00000000eee00000, 0x0000000100000000)
  eden space 63488K, 100% used [0x00000000eab00000,0x00000000ee900000,0x00000000ee900000)
  from space 2560K, 99% used [0x00000000eeb80000,0x00000000eedfeb78,0x00000000eee00000)
  to   space 2560K, 0% used [0x00000000ee900000,0x00000000ee900000,0x00000000eeb80000)
 ParOldGen       total 42496K, used 13640K [0x00000000c0000000, 0x00000000c2980000, 0x00000000eab00000)
  object space 42496K, 32% used [0x00000000c0000000,0x00000000c0d52208,0x00000000c2980000)
 Metaspace       used 6404K, capacity 7192K, committed 7424K, reserved 1056768K
  class space    used 627K, capacity 656K, committed 768K, reserved 1048576K
Event: 17.861 GC heap after
Heap after GC invocations=5 (full 0):
 PSYoungGen      total 66048K, used 2558K [0x00000000eab00000, 0x00000000eee00000, 0x0000000100000000)
  eden space 63488K, 0% used [0x00000000eab00000,0x00000000eab00000,0x00000000ee900000)
  from space 2560K, 99% used [0x00000000ee900000,0x00000000eeb7f938,0x00000000eeb80000)
  to   space 2560K, 0% used [0x00000000eeb80000,0x00000000eeb80000,0x00000000eee00000)
 ParOldGen       total 42496K, used 23167K [0x00000000c0000000, 0x00000000c2980000, 0x00000000eab00000)
  object space 42496K, 54% used [0x00000000c0000000,0x00000000c169ff68,0x00000000c2980000)
 Metaspace       used 6404K, capacity 7192K, committed 7424K, reserved 1056768K
  class space    used 627K, capacity 656K, committed 768K, reserved 1048576K
}

Deoptimization events (10 events):
Event: 26.580 Thread 0x0000000002c3d800 Uncommon trap: reason=unstable_if action=reinterpret pc=0x00000000037769cc method=java.lang.String.indexOf([CII[CIII)I @ 3
Event: 26.580 Thread 0x0000000002c3d800 Uncommon trap: reason=unstable_if action=reinterpret pc=0x000000000318d1e8 method=java.util.Arrays.copyOf([Ljava/lang/Object;ILjava/lang/Class;)[Ljava/lang/Object; @ 3
Event: 26.583 Thread 0x0000000002c3d800 Uncommon trap: reason=speculate_class_check action=maybe_recompile pc=0x00000000035fa520 method=java.util.HashMap.putVal(ILjava/lang/Object;Ljava/lang/Object;ZZ)Ljava/lang/Object; @ 56
Event: 26.584 Thread 0x0000000002c3d800 Uncommon trap: reason=speculate_class_check action=maybe_recompile pc=0x00000000035fa58c method=java.util.HashMap.putVal(ILjava/lang/Object;Ljava/lang/Object;ZZ)Ljava/lang/Object; @ 152
Event: 26.584 Thread 0x0000000002c3d800 Uncommon trap: reason=speculate_class_check action=maybe_recompile pc=0x00000000035fa520 method=java.util.HashMap.putVal(ILjava/lang/Object;Ljava/lang/Object;ZZ)Ljava/lang/Object; @ 56
Event: 26.584 Thread 0x0000000002c3d800 Uncommon trap: reason=speculate_class_check action=maybe_recompile pc=0x00000000035fa520 method=java.util.HashMap.putVal(ILjava/lang/Object;Ljava/lang/Object;ZZ)Ljava/lang/Object; @ 56
Event: 26.584 Thread 0x0000000002c3d800 Uncommon trap: reason=class_check action=maybe_recompile pc=0x0000000003503bd4 method=java.util.HashMap.putVal(ILjava/lang/Object;Ljava/lang/Object;ZZ)Ljava/lang/Object; @ 56
Event: 26.584 Thread 0x0000000002c3d800 Uncommon trap: reason=class_check action=maybe_recompile pc=0x0000000003503bd4 method=java.util.HashMap.putVal(ILjava/lang/Object;Ljava/lang/Object;ZZ)Ljava/lang/Object; @ 56
Event: 26.584 Thread 0x0000000002c3d800 Uncommon trap: reason=class_check action=maybe_recompile pc=0x0000000003503bd4 method=java.util.HashMap.putVal(ILjava/lang/Object;Ljava/lang/Object;ZZ)Ljava/lang/Object; @ 56
Event: 26.584 Thread 0x0000000002c3d800 Uncommon trap: reason=class_check action=maybe_recompile pc=0x0000000003503bd4 method=java.util.HashMap.putVal(ILjava/lang/Object;Ljava/lang/Object;ZZ)Ljava/lang/Object; @ 56

Internal exceptions (7 events):
Event: 0.118 Thread 0x0000000002c3d800 Exception <a 'java/lang/NoSuchMethodError': Method sun.misc.Unsafe.defineClass(Ljava/lang/String;[BII)Ljava/lang/Class; name or signature does not match> (0x00000000eab07cc0) thrown at [D:\re\workspace\8-2-build-windows-amd64-cygwin\jdk8u77\6540\hotspot\sr—¸j-r.¾?
Event: 0.118 Thread 0x0000000002c3d800 Exception <a 'java/lang/NoSuchMethodError': Method sun.misc.Unsafe.prefetchRead(Ljava/lang/Object;J)V name or signature does not match> (0x00000000eab07fa8) thrown at [D:\re\workspace\8-2-build-windows-amd64-cygwin\jdk8u77\6540\hotspot\src\share\vm\prims\j‚àNi¹@
Event: 4.681 Thread 0x0000000016eaf000 Implicit null exception at 0x0000000003169d62 to 0x0000000003169e52
Event: 8.891 Thread 0x0000000002c3d800 Exception <a 'java/lang/ArrayIndexOutOfBoundsException': 18> (0x00000000ead870e0) thrown at [D:\re\workspace\8-2-build-windows-amd64-cygwin\jdk8u77\6540\hotspot\src\share\vm\interpreter\interpreterRuntime.cpp, line 366]
Event: 8.893 Thread 0x0000000002c3d800 Exception <a 'java/lang/ArrayIndexOutOfBoundsException'> (0x00000000ead88c60) thrown at [D:\re\workspace\8-2-build-windows-amd64-cygwin\jdk8u77\6540\hotspot\src\share\vm\runtime\sharedRuntime.cpp, line 605]
Event: 8.906 Thread 0x0000000002c3d800 Exception <a 'java/lang/ArrayIndexOutOfBoundsException'> (0x00000000ead89f48) thrown at [D:\re\workspace\8-2-build-windows-amd64-cygwin\jdk8u77\6540\hotspot\src\share\vm\runtime\sharedRuntime.cpp, line 605]
Event: 10.101 Thread 0x0000000016eb1000 Implicit null exception at 0x000000000316d1f4 to 0x000000000316ede5

Events (10 events):
Event: 26.785 loading class com/android/dex/Dex$MethodIdTable
Event: 26.785 loading class com/android/dex/Dex$MethodIdTable done
Event: 26.786 loading class com/android/dex/Dex$Section
Event: 26.786 loading class com/android/dex/Dex$Section done
Event: 26.787 loading class com/android/dex/util/ByteInput
Event: 26.787 loading class com/android/dex/util/ByteInput done
Event: 26.788 loading class java/io/UTFDataFormatException
Event: 26.788 loading class java/io/UTFDataFormatException done
Event: 26.788 Executing VM operation: Deoptimize
Event: 26.789 Executing VM operation: Deoptimize done


Dynamic libraries:
0x00007ff70ec50000 - 0x00007ff70ec87000 	C:\Program Files\Java\jdk1.8.0_74\bin\java.exe
0x00007ff9bbed0000 - 0x00007ff9bc091000 	C:\Windows\SYSTEM32\ntdll.dll
0x00007ff9b9c10000 - 0x00007ff9b9cbd000 	C:\Windows\system32\KERNEL32.DLL
0x00007ff9b8870000 - 0x00007ff9b8a58000 	C:\Windows\system32\KERNELBASE.dll
0x00007ff9bbb90000 - 0x00007ff9bbc37000 	C:\Windows\system32\ADVAPI32.dll
0x00007ff9b9e70000 - 0x00007ff9b9f0d000 	C:\Windows\system32\msvcrt.dll
0x00007ff9b9ff0000 - 0x00007ff9ba04b000 	C:\Windows\system32\sechost.dll
0x00007ff9bbda0000 - 0x00007ff9bbebc000 	C:\Windows\system32\RPCRT4.dll
0x00007ff9b9ab0000 - 0x00007ff9b9c06000 	C:\Windows\system32\USER32.dll
0x00007ff9bb7a0000 - 0x00007ff9bb926000 	C:\Windows\system32\GDI32.dll
0x00007ff9a8a60000 - 0x00007ff9a8cd4000 	C:\Windows\WinSxS\amd64_microsoft.windows.common-controls_6595b64144ccf1df_6.0.10586.589_none_a2ddb3caa539acce\COMCTL32.dll
0x00007ff9b9400000 - 0x00007ff9b967d000 	C:\Windows\system32\combase.dll
0x00007ff9b9110000 - 0x00007ff9b917a000 	C:\Windows\system32\bcryptPrimitives.dll
0x00007ff9bb690000 - 0x00007ff9bb6cb000 	C:\Windows\system32\IMM32.DLL
0x00000000532a0000 - 0x0000000053372000 	C:\Program Files\Java\jdk1.8.0_74\jre\bin\msvcr100.dll
0x0000000052a10000 - 0x00000000532a0000 	C:\Program Files\Java\jdk1.8.0_74\jre\bin\server\jvm.dll
0x00007ff9bb610000 - 0x00007ff9bb618000 	C:\Windows\system32\PSAPI.DLL
0x00007ff9aad50000 - 0x00007ff9aad59000 	C:\Windows\SYSTEM32\WSOCK32.dll
0x00007ff9bb620000 - 0x00007ff9bb68b000 	C:\Windows\system32\WS2_32.dll
0x00007ff9b6af0000 - 0x00007ff9b6b13000 	C:\Windows\SYSTEM32\WINMM.dll
0x00007ff9af7b0000 - 0x00007ff9af7ba000 	C:\Windows\SYSTEM32\VERSION.dll
0x00007ff9b6a80000 - 0x00007ff9b6aac000 	C:\Windows\SYSTEM32\WINMMBASE.dll
0x00007ff9b8770000 - 0x00007ff9b87b3000 	C:\Windows\system32\cfgmgr32.dll
0x0000000052a00000 - 0x0000000052a0f000 	C:\Program Files\Java\jdk1.8.0_74\jre\bin\verify.dll
0x00000000529d0000 - 0x00000000529f9000 	C:\Program Files\Java\jdk1.8.0_74\jre\bin\java.dll
0x00000000529b0000 - 0x00000000529c6000 	C:\Program Files\Java\jdk1.8.0_74\jre\bin\zip.dll
0x00007ff9ba0b0000 - 0x00007ff9bb60c000 	C:\Windows\system32\SHELL32.dll
0x00007ff9b8a60000 - 0x00007ff9b90a5000 	C:\Windows\system32\windows.storage.dll
0x00007ff9b93a0000 - 0x00007ff9b93f2000 	C:\Windows\system32\shlwapi.dll
0x00007ff9b8540000 - 0x00007ff9b854f000 	C:\Windows\system32\kernel.appcore.dll
0x00007ff9b9210000 - 0x00007ff9b92c5000 	C:\Windows\system32\shcore.dll
0x00007ff9b84f0000 - 0x00007ff9b853b000 	C:\Windows\system32\powrprof.dll
0x00007ff9b8550000 - 0x00007ff9b8564000 	C:\Windows\system32\profapi.dll

VM Arguments:
jvm_args: -Djava.awt.headless=true -Xmx1024M -Dfile.encoding=windows-1256 -Duser.country=US -Duser.language=en -Duser.variant 
java_command: com.android.dx.command.Main --dex --force-jumbo --num-threads=4 --output F:\FCI_3rd\AndroidProjects\PopularMoviesStage1\app\build\intermediates\pre-dexed\debug\com.android.support-recyclerview-v7-24.1.1_d8ee886f6ce96f82da52cba4b6d74a3e834d54b5.jar F:\FCI_3rd\AndroidProjects\PopularMoviesStage1\app\build\intermediates\exploded-aar\com.android.support\recyclerview-v7\24.1.1\jars\classes.jar
java_class_path (initial): E:\3LI\Android\sdk\build-tools\25.0.0\lib\dx.jar
Launcher Type: SUN_STANDARD

Environment Variables:
JAVA_HOME=C:\Program Files\Java\jdk1.8.0_74
PATH=C:\ProgramData\Oracle\Java\javapath;C:\Windows\system32;C:\Windows;C:\Windows\System32\Wbem;C:\Windows\System32\WindowsPowerShell\v1.0\;C:\TDM-GCC-64\bin;E:\3LI\Microchip\bin;C:\Program Files (x86)\GtkSharp\2.12\bin;C:\Program Files\Microsoft SQL Server\110\Tools\Binn\;C:\AppServ\Apache2.2\bin;C:\AppServ\php6;C:\AppServ\MySQL\bin
USERNAME=E610
OS=Windows_NT
PROCESSOR_IDENTIFIER=Intel64 Family 6 Model 37 Stepping 5, GenuineIntel



---------------  S Y S T E M  ---------------

OS: Windows 10.0 , 64 bit Build 10586 (10.0.10586.589)

CPU:total 4 (2 cores per cpu, 2 threads per core) family 6 model 37 stepping 5, cmov, cx8, fxsr, mmx, sse, sse2, sse3, ssse3, sse4.1, sse4.2, popcnt, aes, clmul, ht, tsc, tscinvbit

Memory: 4k page, physical 3980672k(433236k free), swap 4523296k(29676k free)

vm_info: Java HotSpot(TM) 64-Bit Server VM (25.77-b03) for windows-amd64 JRE (1.8.0_77-b03), built on Mar 20 2016 22:01:33 by "java_re" with MS VC++ 10.0 (VS2010)

time: Mon Mar 13 22:47:07 2017
elapsed time: 27 seconds (0d 0h 0m 27s)

